# JRE version: Java(TM) SE Runtime Environment (8.0_144-b01) (build 1.8.0_144-b01)
# Java VM: Java HotSpot(TM) 64-Bit Server VM (25.144-b01 mixed mode bsd-amd64 compressed oops)
Heap:
 PSYoungGen      total 161280K, used 95864K [0x0000000795580000, 0x00000007a2f80000, 0x00000007c0000000)
  eden space 147968K, 55% used [0x0000000795580000,0x000000079a625f88,0x000000079e600000)
  from space 13312K, 99% used [0x000000079e600000,0x000000079f2f82a0,0x000000079f300000)
  to   space 16384K, 0% used [0x00000007a1f80000,0x00000007a1f80000,0x00000007a2f80000)
 ParOldGen       total 89088K, used 18177K [0x0000000740000000, 0x0000000745700000, 0x0000000795580000)
  object space 89088K, 20% used [0x0000000740000000,0x00000007411c04b0,0x0000000745700000)
 Metaspace       used 54202K, capacity 57184K, committed 57472K, reserved 1099776K
  class space    used 7451K, capacity 7941K, committed 8064K, reserved 1048576K
GC Heap History (10 events):
Event: 3.053 GC heap before
{Heap before GC invocations=7 (full 1):
 PSYoungGen      total 71680K, used 69079K [0x0000000795580000, 0x000000079cd80000, 0x00000007c0000000)
  eden space 66560K, 100% used [0x0000000795580000,0x0000000799680000,0x0000000799680000)
  from space 5120K, 49% used [0x0000000799680000,0x00000007998f5d58,0x0000000799b80000)
  to   space 9216K, 0% used [0x000000079c480000,0x000000079c480000,0x000000079cd80000)
 ParOldGen       total 57344K, used 7077K [0x0000000740000000, 0x0000000743800000, 0x0000000795580000)
  object space 57344K, 12% used [0x0000000740000000,0x00000007406e96c0,0x0000000743800000)
 Metaspace       used 21818K, capacity 22610K, committed 22912K, reserved 1069056K
  class space    used 2933K, capacity 3138K, committed 3200K, reserved 1048576K
Event: 3.058 GC heap after
Heap after GC invocations=7 (full 1):
 PSYoungGen      total 106496K, used 2876K [0x0000000795580000, 0x000000079ca00000, 0x00000007c0000000)
  eden space 100864K, 0% used [0x0000000795580000,0x0000000795580000,0x000000079b800000)
  from space 5632K, 51% used [0x000000079c480000,0x000000079c74f128,0x000000079ca00000)
  to   space 9216K, 0% used [0x000000079b800000,0x000000079b800000,0x000000079c100000)
 ParOldGen       total 57344K, used 7085K [0x0000000740000000, 0x0000000743800000, 0x0000000795580000)
  object space 57344K, 12% used [0x0000000740000000,0x00000007406eb6c0,0x0000000743800000)
 Metaspace       used 21818K, capacity 22610K, committed 22912K, reserved 1069056K
  class space    used 2933K, capacity 3138K, committed 3200K, reserved 1048576K
}
Event: 4.299 GC heap before
{Heap before GC invocations=8 (full 1):
 PSYoungGen      total 106496K, used 103740K [0x0000000795580000, 0x000000079ca00000, 0x00000007c0000000)
  eden space 100864K, 100% used [0x0000000795580000,0x000000079b800000,0x000000079b800000)
  from space 5632K, 51% used [0x000000079c480000,0x000000079c74f128,0x000000079ca00000)
  to   space 9216K, 0% used [0x000000079b800000,0x000000079b800000,0x000000079c100000)
 ParOldGen       total 57344K, used 7085K [0x0000000740000000, 0x0000000743800000, 0x0000000795580000)
  object space 57344K, 12% used [0x0000000740000000,0x00000007406eb6c0,0x0000000743800000)
 Metaspace       used 27776K, capacity 29410K, committed 29568K, reserved 1075200K
  class space    used 3811K, capacity 4130K, committed 4224K, reserved 1048576K
Event: 4.312 GC heap after
Heap after GC invocations=8 (full 1):
 PSYoungGen      total 110080K, used 9203K [0x0000000795580000, 0x000000079fe80000, 0x00000007c0000000)
  eden space 100864K, 0% used [0x0000000795580000,0x0000000795580000,0x000000079b800000)
  from space 9216K, 99% used [0x000000079b800000,0x000000079c0fcc10,0x000000079c100000)
  to   space 11776K, 0% used [0x000000079f300000,0x000000079f300000,0x000000079fe80000)
 ParOldGen       total 57344K, used 8517K [0x0000000740000000, 0x0000000743800000, 0x0000000795580000)
  object space 57344K, 14% used [0x0000000740000000,0x0000000740851478,0x0000000743800000)
 Metaspace       used 27776K, capacity 29410K, committed 29568K, reserved 1075200K
  class space    used 3811K, capacity 4130K, committed 4224K, reserved 1048576K
}
Event: 4.939 GC heap before
{Heap before GC invocations=9 (full 1):
 PSYoungGen      total 110080K, used 100022K [0x0000000795580000, 0x000000079fe80000, 0x00000007c0000000)
  eden space 100864K, 90% used [0x0000000795580000,0x000000079ae30d98,0x000000079b800000)
  from space 9216K, 99% used [0x000000079b800000,0x000000079c0fcc10,0x000000079c100000)
  to   space 11776K, 0% used [0x000000079f300000,0x000000079f300000,0x000000079fe80000)
 ParOldGen       total 57344K, used 8517K [0x0000000740000000, 0x0000000743800000, 0x0000000795580000)
  object space 57344K, 14% used [0x0000000740000000,0x0000000740851478,0x0000000743800000)
 Metaspace       used 33612K, capacity 35402K, committed 35456K, reserved 1079296K
  class space    used 4392K, capacity 4730K, committed 4736K, reserved 1048576K
Event: 4.971 GC heap after
Heap after GC invocations=9 (full 1):
 PSYoungGen      total 159744K, used 11734K [0x0000000795580000, 0x00000007a0900000, 0x00000007c0000000)
  eden space 147968K, 0% used [0x0000000795580000,0x0000000795580000,0x000000079e600000)
  from space 11776K, 99% used [0x000000079f300000,0x000000079fe75bc0,0x000000079fe80000)
  to   space 13312K, 0% used [0x000000079e600000,0x000000079e600000,0x000000079f300000)
 ParOldGen       total 57344K, used 8525K [0x0000000740000000, 0x0000000743800000, 0x0000000795580000)
  object space 57344K, 14% used [0x0000000740000000,0x0000000740853478,0x0000000743800000)
 Metaspace       used 33612K, capacity 35402K, committed 35456K, reserved 1079296K
  class space    used 4392K, capacity 4730K, committed 4736K, reserved 1048576K
}
Event: 4.971 GC heap before
{Heap before GC invocations=10 (full 2):
 PSYoungGen      total 159744K, used 11734K [0x0000000795580000, 0x00000007a0900000, 0x00000007c0000000)
  eden space 147968K, 0% used [0x0000000795580000,0x0000000795580000,0x000000079e600000)
  from space 11776K, 99% used [0x000000079f300000,0x000000079fe75bc0,0x000000079fe80000)
  to   space 13312K, 0% used [0x000000079e600000,0x000000079e600000,0x000000079f300000)
 ParOldGen       total 57344K, used 8525K [0x0000000740000000, 0x0000000743800000, 0x0000000795580000)
  object space 57344K, 14% used [0x0000000740000000,0x0000000740853478,0x0000000743800000)
 Metaspace       used 33612K, capacity 35402K, committed 35456K, reserved 1079296K
  class space    used 4392K, capacity 4730K, committed 4736K, reserved 1048576K
Event: 5.065 GC heap after
Heap after GC invocations=10 (full 2):
 PSYoungGen      total 159744K, used 0K [0x0000000795580000, 0x00000007a0900000, 0x00000007c0000000)
  eden space 147968K, 0% used [0x0000000795580000,0x0000000795580000,0x000000079e600000)
  from space 11776K, 0% used [0x000000079f300000,0x000000079f300000,0x000000079fe80000)
  to   space 13312K, 0% used [0x000000079e600000,0x000000079e600000,0x000000079f300000)
 ParOldGen       total 89088K, used 15773K [0x0000000740000000, 0x0000000745700000, 0x0000000795580000)
  object space 89088K, 17% used [0x0000000740000000,0x0000000740f676c8,0x0000000745700000)
 Metaspace       used 33612K, capacity 35402K, committed 35456K, reserved 1079296K
  class space    used 4392K, capacity 4730K, committed 4736K, reserved 1048576K
}
Event: 6.310 GC heap before
{Heap before GC invocations=11 (full 2):
 PSYoungGen      total 159744K, used 147968K [0x0000000795580000, 0x00000007a0900000, 0x00000007c0000000)
  eden space 147968K, 100% used [0x0000000795580000,0x000000079e600000,0x000000079e600000)
  from space 11776K, 0% used [0x000000079f300000,0x000000079f300000,0x000000079fe80000)
  to   space 13312K, 0% used [0x000000079e600000,0x000000079e600000,0x000000079f300000)
 ParOldGen       total 89088K, used 15773K [0x0000000740000000, 0x0000000745700000, 0x0000000795580000)
  object space 89088K, 17% used [0x0000000740000000,0x0000000740f676c8,0x0000000745700000)
 Metaspace       used 45776K, capacity 48152K, committed 48256K, reserved 1091584K
  class space    used 6311K, capacity 6743K, committed 6784K, reserved 1048576K
Event: 6.330 GC heap after
Heap after GC invocations=11 (full 2):
 PSYoungGen      total 161280K, used 13280K [0x0000000795580000, 0x00000007a2f80000, 0x00000007c0000000)
  eden space 147968K, 0% used [0x0000000795580000,0x0000000795580000,0x000000079e600000)
  from space 13312K, 99% used [0x000000079e600000,0x000000079f2f82a0,0x000000079f300000)
  to   space 16384K, 0% used [0x00000007a1f80000,0x00000007a1f80000,0x00000007a2f80000)
 ParOldGen       total 89088K, used 18177K [0x0000000740000000, 0x0000000745700000, 0x0000000795580000)
  object space 89088K, 20% used [0x0000000740000000,0x00000007411c04b0,0x0000000745700000)
 Metaspace       used 45776K, capacity 48152K, committed 48256K, reserved 1091584K
  class space    used 6311K, capacity 6743K, committed 6784K, reserved 1048576K
}

